BLASTP 2.12.0+


Reference: Stephen F. Altschul, Thomas L. Madden, Alejandro A.
Schaffer, Jinghui Zhang, Zheng Zhang, Webb Miller, and David J.
Lipman (1997), "Gapped BLAST and PSI-BLAST: a new generation of
protein database search programs", Nucleic Acids Res. 25:3389-3402.


Reference for composition-based statistics: Alejandro A. Schaffer,
L. Aravind, Thomas L. Madden, Sergei Shavirin, John L. Spouge, Yuri
I. Wolf, Eugene V. Koonin, and Stephen F. Altschul (2001),
"Improving the accuracy of PSI-BLAST protein database searches with
composition-based statistics and other refinements", Nucleic Acids
Res. 29:2994-3005.



Database: All non-redundant GenBank CDS translations+PDB+SwissProt+PIR+PRF
excluding environmental samples from WGS projects
           507,975,733 sequences; 197,816,729,863 total letters



Query= NC_000011 Homo sapiens chromosome 11, GRCh38.p14 Primary Assembly.

Length=477

RID: K4J2CKUW013


***** No hits found *****



Lambda      K        H
   0.330    0.141    0.497 

Gapped
Lambda      K        H
   0.267   0.0410    0.140 

Effective search space used: 34486399943688


  Database: All non-redundant GenBank CDS translations+PDB+SwissProt+PIR+PRF
excluding environmental samples from WGS projects
    Posted date:  Sep 23, 2022 03:14 AM
  Number of letters in database: 197,816,729,863
  Number of sequences in database:  507,975,733



Matrix: BLOSUM62
Gap Penalties: Existence: 11, Extension: 1
Neighboring words threshold: 11
Window for multiple hits: 40
