Started Mon Oct 17 22:52:47 2022
/muscle/bin/muscle -in muscle-I20221017-235713-0368-6928565-p1m.sequence -verbose -log muscle-I20221017-235713-0368-6928565-p1m.output -quiet -fasta -out muscle-I20221017-235713-0368-6928565-p1m.fasta 
Alphabet Amino

MUSCLE v3.8.425 by Robert C. Edgar
http://www.drive5.com/muscle

Profile-profile score    LE
Max iterations           8
Max trees                1
Max time                 (No limit)
Max MB                   4294966168
Gap open                 -2.9
Gap extend (dimer)       0
Gap ambig factor         0
Gap ambig penalty        -0
Center (LE)              -0.52
Term gaps                Half
Smooth window length     7
Refine window length     200
Min anchor spacing       32
Min diag length (lambda) 24
Diag margin (mu)         5
Min diag break           1
Hydrophobic window       5
Hydrophobic gap factor   1.2
Smooth score ceiling     3
Min best col score       2
Min anchor score         1
SUEFF                    0.1
Brenner root MSA         False
Normalize counts         True
Diagonals (1)            False
Diagonals (2)            False
Anchors                  True
MSF output format        False
Phylip interleaved       False
Phylip sequential        False
ClustalW output format   False
Catch exceptions         True
Quiet                    True
Refine                   False
ProdfDB                  False
Low complexity profiles  True
Objective score          SPM
Distance method (1)      Kmer6_6
Clustering method (1)    UPGMB
Root method (1)          Pseudo
Sequence weighting (1)   ClustalW
Distance method (2)      PctIdKimura
Clustering method (2)    UPGMB
Root method (2)          Pseudo
Sequence weighting (2)   ClustalW

Elapsed time 00:00:00  Peak memory use   11 MB(-1%)  Iteration   1 K-mer dist pass 1
Elapsed time 00:00:00  Peak memory use   11 MB(-1%)  Iteration   1 K-mer dist pass 2
Align: (sp|P06341.1|HB2A_RAT RecName: Full=Rano class II histocompatibility antigen, A beta chain; AltName: Full=RT1 class II histocompatibility antigen, A beta chain) (sp|P29826.1|HB2B_RAT RecName: Full=Rano class II histocompatibility antigen, B-1 beta chain; AltName: Full=RT1 class II histocompatibility antigen, B-1 beta chain; AltName: Full=RT1.B-beta(1); Flags: Precursor)
Align: (sp|P06344.1|HB2U_MOUSE RecName: Full=H-2 class II histocompatibility antigen, A-U beta chain; Flags: Precursor) (sp|P06341.1|HB2A_RAT RecName: Full=Rano class II histocompatibility antigen, A beta chain; AltName: Full=RT1 class II histocompatibility antigen, A beta chain,sp|P29826.1|HB2B_RAT RecName: Full=Rano class II histocompatibility antigen, B-1 beta chain; AltName: Full=RT1 class II histocompatibility antigen, B-1 beta chain; AltName: Full=RT1.B-beta(1); Flags: Precursor)
Elapsed time 00:00:00  Peak memory use   13 MB(-1%)  Iteration   1 Align node
Elapsed time 00:00:00  Peak memory use   13 MB(-1%)  Iteration   1 Root alignment
Elapsed time 00:00:00  Peak memory use   13 MB(-1%)  Iteration   2 Root alignment
Anchor columns found       6
DP area saved by anchors   82.1%
Elapsed time 00:00:00  Peak memory use   13 MB(-1%)  Iteration   3 Refine biparts
Elapsed time 00:00:00  Peak memory use   14 MB(-1%)  Iteration   4 Refine biparts
Elapsed time 00:00:00  Peak memory use   14 MB(-1%)  Iteration   5 Refine biparts
Elapsed time 00:00:00  Peak memory use   14 MB(-1%)  Iteration   6 Refine biparts
Elapsed time 00:00:00  Peak memory use   14 MB(-1%)  Iteration   7 Refine biparts
Elapsed time 00:00:00  Peak memory use   14 MB(-1%)  Iteration   8 Refine biparts
Elapsed time 00:00:00  Peak memory use   14 MB(-1%)  Iteration   9 Refine biparts
Finished Mon Oct 17 22:52:47 2022
